[01m[K/home/raven/qwerty_ws/src/kuka_arm_pkg/src/kuka_pick_and_place.cpp:[m[K In member function â€˜[01m[Kvoid KUKAPickAndPlace::performPickAndPlace()[m[Kâ€™:
[01m[K/home/raven/qwerty_ws/src/kuka_arm_pkg/src/kuka_pick_and_place.cpp:96:42:[m[K [01;31m[Kerror: [m[Kâ€˜[01m[Kusing element_type = class moveit::planning_interface::MoveGroupInterface[m[Kâ€™ {aka â€˜[01m[Kclass moveit::planning_interface::MoveGroupInterface[m[Kâ€™} has no member named â€˜[01m[Kpick[m[Kâ€™
   96 |         bool pick_success = move_group_->[01;31m[Kpick[m[K("box", grasp);
      |                                          [01;31m[K^~~~[m[K
[01m[K/home/raven/qwerty_ws/src/kuka_arm_pkg/src/kuka_pick_and_place.cpp:107:27:[m[K [01;31m[Kerror: [m[Kâ€˜[01m[KPlaceLocation[m[Kâ€™ is not a member of â€˜[01m[Kmoveit_msgs::msg[m[Kâ€™
  107 |         moveit_msgs::msg::[01;31m[KPlaceLocation[m[K place_location;
      |                           [01;31m[K^~~~~~~~~~~~~[m[K
[01m[K/home/raven/qwerty_ws/src/kuka_arm_pkg/src/kuka_pick_and_place.cpp:108:9:[m[K [01;31m[Kerror: [m[Kâ€˜[01m[Kplace_location[m[Kâ€™ was not declared in this scope
  108 |         [01;31m[Kplace_location[m[K.place_pose.header.frame_id = move_group_->getPlanningFrame();
      |         [01;31m[K^~~~~~~~~~~~~~[m[K
[01m[K/home/raven/qwerty_ws/src/kuka_arm_pkg/src/kuka_pick_and_place.cpp:124:43:[m[K [01;31m[Kerror: [m[Kâ€˜[01m[Kusing element_type = class moveit::planning_interface::MoveGroupInterface[m[Kâ€™ {aka â€˜[01m[Kclass moveit::planning_interface::MoveGroupInterface[m[Kâ€™} has no member named â€˜[01m[Kplace[m[Kâ€™
  124 |         bool place_success = move_group_->[01;31m[Kplace[m[K("box", place_location);
      |                                           [01;31m[K^~~~~[m[K
gmake[2]: *** [CMakeFiles/kuka_pick_and_place.dir/build.make:76: CMakeFiles/kuka_pick_and_place.dir/src/kuka_pick_and_place.cpp.o] Error 1
gmake[1]: *** [CMakeFiles/Makefile2:195: CMakeFiles/kuka_pick_and_place.dir/all] Error 2
gmake: *** [Makefile:146: all] Error 2
